time="2023-12-01T18:53:57+03:00" level=info msg="crete router" func="main.main()" file="app.go:18"
time="2023-12-02T07:54:14+03:00" level=info msg="crete router" func="main.main()" file="app.go:18"
time="2023-12-02T09:40:08+03:00" level=info msg="crete router" func="main.main()" file="app.go:19"
time="2023-12-02T09:40:08+03:00" level=info msg="read application configuration" func="rest-api/internal/config.GetConfig.func1()" file="config.go:28"
time="2023-12-02T09:58:00+03:00" level=info msg="crete router" func="main.main()" file="app.go:23"
time="2023-12-02T09:58:00+03:00" level=info msg="read application configuration" func="rest-api/internal/config.GetConfig.func1()" file="config.go:28"
time="2023-12-02T09:58:00+03:00" level=info msg="Listen tcp socket" func="main.start()" file="app.go:51"
time="2023-12-02T09:58:00+03:00" level=info msg="Server is listening port 0.0.0.0:10000" func="main.start()" file="app.go:64"
time="2023-12-02T09:59:36+03:00" level=info msg="crete router" func="main.main()" file="app.go:23"
time="2023-12-02T09:59:36+03:00" level=info msg="read application configuration" func="rest-api/internal/config.GetConfig.func1()" file="config.go:28"
time="2023-12-02T09:59:36+03:00" level=info msg="create socket" func="main.start()" file="app.go:44"
time="2023-12-02T09:59:36+03:00" level=debug msg="socket path: /tmp/go-build3823734920/b001/exe/sock." func="main.start()" file="app.go:46"
time="2023-12-02T09:59:36+03:00" level=info msg="Listen unix socket" func="main.start()" file="app.go:48"
time="2023-12-02T09:59:36+03:00" level=info msg="Server is listening port 0.0.0.0:10000" func="main.start()" file="app.go:64"
time="2023-12-02T10:03:26+03:00" level=info msg="crete router" func="main.main()" file="app.go:23"
time="2023-12-02T10:03:26+03:00" level=info msg="read application configuration" func="rest-api/internal/config.GetConfig.func1()" file="config.go:28"
time="2023-12-02T10:03:26+03:00" level=info msg="Detect app path" func="main.start()" file="app.go:40"
time="2023-12-02T10:03:26+03:00" level=info msg="create socket" func="main.start()" file="app.go:45"
time="2023-12-02T10:03:26+03:00" level=debug msg="socket path: /tmp/go-build1681137861/b001/exe/sock." func="main.start()" file="app.go:47"
time="2023-12-02T10:03:26+03:00" level=info msg="Listen unix socket" func="main.start()" file="app.go:49"
time="2023-12-02T10:03:26+03:00" level=info msg="Server is listening unix socket: /tmp/go-build1681137861/b001/exe/sock." func="main.start()" file="app.go:51"
time="2023-12-02T10:05:15+03:00" level=info msg="crete router" func="main.main()" file="app.go:23"
time="2023-12-02T10:05:15+03:00" level=info msg="read application configuration" func="rest-api/internal/config.GetConfig.func1()" file="config.go:28"
time="2023-12-02T10:05:15+03:00" level=info msg="Listen tcp socket" func="main.start()" file="app.go:53"
time="2023-12-02T10:05:15+03:00" level=info msg="Server is listening port 0.0.0.0:10000" func="main.start()" file="app.go:55"
